0 info it worked if it ends with ok
1 verbose cli [ '/usr/bin/nodejs',
1 verbose cli   '/usr/bin/npm',
1 verbose cli   'install',
1 verbose cli   'jquery',
1 verbose cli   '--save',
1 verbose cli   'j*' ]
2 info using npm@3.10.10
3 info using node@v6.10.1
4 silly loadCurrentTree Starting
5 silly install loadCurrentTree
6 silly install readLocalPackageData
7 silly fetchPackageMetaData jquery@^3.2.1
8 silly fetchPackageMetaData j*
9 silly fetchNamedPackageData jquery
10 silly mapToRegistry name jquery
11 silly mapToRegistry using default registry
12 silly mapToRegistry registry https://registry.npmjs.org/
13 silly mapToRegistry data Result {
13 silly mapToRegistry   raw: 'jquery',
13 silly mapToRegistry   scope: null,
13 silly mapToRegistry   escapedName: 'jquery',
13 silly mapToRegistry   name: 'jquery',
13 silly mapToRegistry   rawSpec: '',
13 silly mapToRegistry   spec: 'latest',
13 silly mapToRegistry   type: 'tag' }
14 silly mapToRegistry uri https://registry.npmjs.org/jquery
15 silly fetchOtherPackageData j*
16 silly cache add args [ 'j*', null ]
17 verbose cache add spec j*
18 silly cache add parsed spec Result {
18 silly cache add   raw: 'j*',
18 silly cache add   scope: null,
18 silly cache add   escapedName: null,
18 silly cache add   name: null,
18 silly cache add   rawSpec: 'j*',
18 silly cache add   spec: '/home/ahmed/Desktop/dev/JS/expSample/j*',
18 silly cache add   type: 'local' }
19 error addLocal Could not install /home/ahmed/Desktop/dev/JS/expSample/j*
20 silly fetchPackageMetaData Error: ENOENT: no such file or directory, open '/home/ahmed/Desktop/dev/JS/expSample/j*'
20 silly fetchPackageMetaData     at Error (native)
20 silly fetchPackageMetaData  error for j* { Error: ENOENT: no such file or directory, open '/home/ahmed/Desktop/dev/JS/expSample/j*'
20 silly fetchPackageMetaData     at Error (native)
20 silly fetchPackageMetaData   errno: -2,
20 silly fetchPackageMetaData   code: 'ENOENT',
20 silly fetchPackageMetaData   syscall: 'open',
20 silly fetchPackageMetaData   path: '/home/ahmed/Desktop/dev/JS/expSample/j*' }
21 verbose request uri https://registry.npmjs.org/jquery
22 verbose request no auth needed
23 info attempt registry request try #1 at 2:15:00 PM
24 verbose request id c8a4dd14750d006a
25 verbose etag W/"58e24379-15ef7"
26 verbose lastModified Mon, 03 Apr 2017 12:43:37 GMT
27 http request GET https://registry.npmjs.org/jquery
28 http 304 https://registry.npmjs.org/jquery
29 verbose headers { date: 'Tue, 04 Apr 2017 12:15:00 GMT',
29 verbose headers   via: '1.1 varnish',
29 verbose headers   'cache-control': 'max-age=300',
29 verbose headers   etag: 'W/"58e24379-15ef7"',
29 verbose headers   age: '17',
29 verbose headers   connection: 'keep-alive',
29 verbose headers   'x-served-by': 'cache-hhn1534-HHN',
29 verbose headers   'x-cache': 'HIT',
29 verbose headers   'x-cache-hits': '1',
29 verbose headers   'x-timer': 'S1491308100.575100,VS0,VE0',
29 verbose headers   vary: 'Accept-Encoding' }
30 silly get cb [ 304,
30 silly get   { date: 'Tue, 04 Apr 2017 12:15:00 GMT',
30 silly get     via: '1.1 varnish',
30 silly get     'cache-control': 'max-age=300',
30 silly get     etag: 'W/"58e24379-15ef7"',
30 silly get     age: '17',
30 silly get     connection: 'keep-alive',
30 silly get     'x-served-by': 'cache-hhn1534-HHN',
30 silly get     'x-cache': 'HIT',
30 silly get     'x-cache-hits': '1',
30 silly get     'x-timer': 'S1491308100.575100,VS0,VE0',
30 silly get     vary: 'Accept-Encoding' } ]
31 verbose etag https://registry.npmjs.org/jquery from cache
32 verbose get saving jquery to /home/ahmed/.npm/registry.npmjs.org/jquery/.cache.json
33 verbose correctMkdir /home/ahmed/.npm correctMkdir not in flight; initializing
34 silly rollbackFailedOptional Starting
35 silly rollbackFailedOptional Finishing
36 silly runTopLevelLifecycles Finishing
37 silly install printInstalled
38 verbose stack Error: ENOENT: no such file or directory, open '/home/ahmed/Desktop/dev/JS/expSample/j*'
38 verbose stack     at Error (native)
39 verbose cwd /home/ahmed/Desktop/dev/JS/expSample
40 error Linux 4.8.0-45-generic
41 error argv "/usr/bin/nodejs" "/usr/bin/npm" "install" "jquery" "--save" "j*"
42 error node v6.10.1
43 error npm  v3.10.10
44 error path /home/ahmed/Desktop/dev/JS/expSample/j*
45 error code ENOENT
46 error errno -2
47 error syscall open
48 error enoent ENOENT: no such file or directory, open '/home/ahmed/Desktop/dev/JS/expSample/j*'
49 error enoent ENOENT: no such file or directory, open '/home/ahmed/Desktop/dev/JS/expSample/j*'
49 error enoent This is most likely not a problem with npm itself
49 error enoent and is related to npm not being able to find a file.
50 verbose exit [ -2, true ]
